0 info it worked if it ends with ok
1 verbose cli [ 'D:\\dev\\nodejs\\node.exe',
1 verbose cli   'D:\\dev\\nodejs\\node_modules\\npm\\bin\\npm-cli.js',
1 verbose cli   'run',
1 verbose cli   'mongodb' ]
2 info using npm@3.10.8
3 info using node@v6.9.1
4 verbose run-script [ 'premongodb', 'mongodb', 'postmongodb' ]
5 info lifecycle dumkasoft-calendar-app@0.0.1~premongodb: dumkasoft-calendar-app@0.0.1
6 silly lifecycle dumkasoft-calendar-app@0.0.1~premongodb: no script for premongodb, continuing
7 info lifecycle dumkasoft-calendar-app@0.0.1~mongodb: dumkasoft-calendar-app@0.0.1
8 verbose lifecycle dumkasoft-calendar-app@0.0.1~mongodb: unsafe-perm in lifecycle true
9 verbose lifecycle dumkasoft-calendar-app@0.0.1~mongodb: PATH: D:\dev\nodejs\node_modules\npm\bin\node-gyp-bin;D:\dev\pilots\calendar\calendar\node_modules\.bin;C:\Windows\system32;C:\Windows;C:\Windows\System32\Wbem;C:\Windows\System32\WindowsPowerShell\v1.0\;C:\Windows\CCM;C:\Program Files (x86)\Skype\Phone\;C:\Program Files\Microsoft SQL Server\130\Tools\Binn\;C:\Program Files\TortoiseSVN\bin;C:\Program Files\Microsoft SQL Server\Client SDK\ODBC\110\Tools\Binn\;C:\Program Files (x86)\Microsoft SQL Server\120\Tools\Binn\;C:\Program Files\Microsoft SQL Server\120\Tools\Binn\;C:\Program Files\Microsoft SQL Server\120\DTS\Binn\;C:\Program Files (x86)\Microsoft SQL Server\120\Tools\Binn\ManagementStudio\;C:\Program Files (x86)\Microsoft SQL Server\120\DTS\Binn\;D:\dev\nodejs\;C:\Program Files\dotnet\;C:\Program Files\Git\cmd;C:\Program Files\MySQL\MySQL Utilities 1.6\;C:\ProgramData\chocolatey\bin;C:\Program Files\Java\jdk1.8.0_112\bin;d:\dev\nodejs\;C:\Users\oleksandr.marchenko\AppData\Roaming\npm;C:\Program Files (x86)\Microsoft VS Code\bin;C:\Users\oleksandr.marchenko\AppData\Local\Android\android-sdk\tools;C:\Users\oleksandr.marchenko\AppData\Local\Android\android-sdk\platform-tools;
10 verbose lifecycle dumkasoft-calendar-app@0.0.1~mongodb: CWD: D:\dev\pilots\calendar\calendar
11 silly lifecycle dumkasoft-calendar-app@0.0.1~mongodb: Args: [ '/d /s /c',
11 silly lifecycle   '\'c:\\Program Files\\MongoDB\\Server\\3.4\\bin\\mongod.exe\' --dbpath d:\\dev\\mongodb\\data' ]
12 silly lifecycle dumkasoft-calendar-app@0.0.1~mongodb: Returned: code: 1  signal: null
13 info lifecycle dumkasoft-calendar-app@0.0.1~mongodb: Failed to exec mongodb script
14 verbose stack Error: dumkasoft-calendar-app@0.0.1 mongodb: `'c:\Program Files\MongoDB\Server\3.4\bin\mongod.exe' --dbpath d:\dev\mongodb\data`
14 verbose stack Exit status 1
14 verbose stack     at EventEmitter.<anonymous> (D:\dev\nodejs\node_modules\npm\lib\utils\lifecycle.js:255:16)
14 verbose stack     at emitTwo (events.js:106:13)
14 verbose stack     at EventEmitter.emit (events.js:191:7)
14 verbose stack     at ChildProcess.<anonymous> (D:\dev\nodejs\node_modules\npm\lib\utils\spawn.js:40:14)
14 verbose stack     at emitTwo (events.js:106:13)
14 verbose stack     at ChildProcess.emit (events.js:191:7)
14 verbose stack     at maybeClose (internal/child_process.js:877:16)
14 verbose stack     at Process.ChildProcess._handle.onexit (internal/child_process.js:226:5)
15 verbose pkgid dumkasoft-calendar-app@0.0.1
16 verbose cwd D:\dev\pilots\calendar\calendar
17 error Windows_NT 10.0.10586
18 error argv "D:\\dev\\nodejs\\node.exe" "D:\\dev\\nodejs\\node_modules\\npm\\bin\\npm-cli.js" "run" "mongodb"
19 error node v6.9.1
20 error npm  v3.10.8
21 error code ELIFECYCLE
22 error dumkasoft-calendar-app@0.0.1 mongodb: `'c:\Program Files\MongoDB\Server\3.4\bin\mongod.exe' --dbpath d:\dev\mongodb\data`
22 error Exit status 1
23 error Failed at the dumkasoft-calendar-app@0.0.1 mongodb script ''c:\Program Files\MongoDB\Server\3.4\bin\mongod.exe' --dbpath d:\dev\mongodb\data'.
23 error Make sure you have the latest version of node.js and npm installed.
23 error If you do, this is most likely a problem with the dumkasoft-calendar-app package,
23 error not with npm itself.
23 error Tell the author that this fails on your system:
23 error     'c:\Program Files\MongoDB\Server\3.4\bin\mongod.exe' --dbpath d:\dev\mongodb\data
23 error You can get information on how to open an issue for this project with:
23 error     npm bugs dumkasoft-calendar-app
23 error Or if that isn't available, you can get their info via:
23 error     npm owner ls dumkasoft-calendar-app
23 error There is likely additional logging output above.
24 verbose exit [ 1, true ]
